Fri, 29 Mar 2024 05:14:19 GMT node-telegram-bot-api deprecated Automatic enabling of cancellation of promises is deprecated.
In the future, you will have to enable it yourself.
See https://github.com/yagop/node-telegram-bot-api/issues/319. at node:internal/modules/cjs/loader:1198:14
Unhandled rejection Error: ETELEGRAM: 400 Bad Request: chat not found
    at /home/fildata/sh/telegram-monitor/node_modules/node-telegram-bot-api/src/telegram.js:291:15
    at tryCatcher (/home/fildata/sh/telegram-monitor/node_modules/bluebird/js/release/util.js:16:23)
    at Promise._settlePromiseFromHandler (/home/fildata/sh/telegram-monitor/node_modules/bluebird/js/release/promise.js:547:31)
    at Promise._settlePromise (/home/fildata/sh/telegram-monitor/node_modules/bluebird/js/release/promise.js:604:18)
    at Promise._settlePromise0 (/home/fildata/sh/telegram-monitor/node_modules/bluebird/js/release/promise.js:649:10)
    at Promise._settlePromises (/home/fildata/sh/telegram-monitor/node_modules/bluebird/js/release/promise.js:729:18)
    at _drainQueueStep (/home/fildata/sh/telegram-monitor/node_modules/bluebird/js/release/async.js:93:12)
    at _drainQueue (/home/fildata/sh/telegram-monitor/node_modules/bluebird/js/release/async.js:86:9)
    at Async._drainQueues (/home/fildata/sh/telegram-monitor/node_modules/bluebird/js/release/async.js:102:5)
    at Immediate.Async.drainQueues [as _onImmediate] (/home/fildata/sh/telegram-monitor/node_modules/bluebird/js/release/async.js:15:14)
    at processImmediate (node:internal/timers:466:21)
Sun, 31 Mar 2024 11:25:17 GMT node-telegram-bot-api deprecated Automatic enabling of cancellation of promises is deprecated.
In the future, you will have to enable it yourself.
See https://github.com/yagop/node-telegram-bot-api/issues/319. at node:internal/modules/cjs/loader:1198:14
Sun, 31 Mar 2024 12:20:06 GMT node-telegram-bot-api deprecated Automatic enabling of cancellation of promises is deprecated.
In the future, you will have to enable it yourself.
See https://github.com/yagop/node-telegram-bot-api/issues/319. at node:internal/modules/cjs/loader:1198:14
Tue, 02 Apr 2024 11:54:55 GMT node-telegram-bot-api deprecated Automatic enabling of cancellation of promises is deprecated.
In the future, you will have to enable it yourself.
See https://github.com/yagop/node-telegram-bot-api/issues/319. at node:internal/modules/cjs/loader:1198:14
Tue, 16 Apr 2024 23:13:00 GMT node-telegram-bot-api deprecated Automatic enabling of cancellation of promises is deprecated.
In the future, you will have to enable it yourself.
See https://github.com/yagop/node-telegram-bot-api/issues/319. at node:internal/modules/cjs/loader:1198:14
